[0.339s] Invoking command in '/home/jonah/rov_sim_ws/build/rov_description': CMAKE_PREFIX_PATH=${CMAKE_PREFIX_PATH}:/opt/ros/jazzy /usr/bin/cmake /home/jonah/rov_sim_ws/src/rov_description -DCMAKE_INSTALL_PREFIX=/home/jonah/rov_sim_ws/install/rov_description
[0.541s] -- The C compiler identification is GNU 13.3.0
[1.147s] -- The CXX compiler identification is GNU 13.3.0
[1.900s] -- Detecting C compiler ABI info
[2.234s] -- Detecting C compiler ABI info - done
[2.247s] -- Check for working C compiler: /usr/bin/cc - skipped
[2.247s] -- Detecting C compile features
[2.247s] -- Detecting C compile features - done
[2.377s] -- Detecting CXX compiler ABI info
[2.801s] -- Detecting CXX compiler ABI info - done
[2.812s] -- Check for working CXX compiler: /usr/bin/c++ - skipped
[2.812s] -- Detecting CXX compile features
[2.813s] -- Detecting CXX compile features - done
[2.819s] -- Found ament_cmake: 2.5.4 (/opt/ros/jazzy/share/ament_cmake/cmake)
[3.028s] -- Found Python3: /usr/bin/python3 (found version "3.12.3") found components: Interpreter 
[3.210s] -- Found ament_lint_auto: 0.17.3 (/opt/ros/jazzy/share/ament_lint_auto/cmake)
[3.360s] -- Added test 'lint_cmake' to check CMake code style
[3.364s] -- Added test 'xmllint' to check XML markup files
[3.367s] -- Configuring done (3.0s)
[3.379s] -- Generating done (0.0s)
[3.382s] -- Build files have been written to: /home/jonah/rov_sim_ws/build/rov_description
[3.412s] Invoked command in '/home/jonah/rov_sim_ws/build/rov_description' returned '0': CMAKE_PREFIX_PATH=${CMAKE_PREFIX_PATH}:/opt/ros/jazzy /usr/bin/cmake /home/jonah/rov_sim_ws/src/rov_description -DCMAKE_INSTALL_PREFIX=/home/jonah/rov_sim_ws/install/rov_description
[3.412s] Invoking command in '/home/jonah/rov_sim_ws/build/rov_description': CMAKE_PREFIX_PATH=${CMAKE_PREFIX_PATH}:/opt/ros/jazzy /usr/bin/cmake --build /home/jonah/rov_sim_ws/build/rov_description -- -j8 -l8
[3.467s] Invoked command in '/home/jonah/rov_sim_ws/build/rov_description' returned '0': CMAKE_PREFIX_PATH=${CMAKE_PREFIX_PATH}:/opt/ros/jazzy /usr/bin/cmake --build /home/jonah/rov_sim_ws/build/rov_description -- -j8 -l8
[3.468s] Invoking command in '/home/jonah/rov_sim_ws/build/rov_description': CMAKE_PREFIX_PATH=${CMAKE_PREFIX_PATH}:/opt/ros/jazzy /usr/bin/cmake --install /home/jonah/rov_sim_ws/build/rov_description
[3.481s] -- Install configuration: ""
[3.482s] -- Installing: /home/jonah/rov_sim_ws/install/rov_description/share/ament_index/resource_index/package_run_dependencies/rov_description
[3.483s] -- Installing: /home/jonah/rov_sim_ws/install/rov_description/share/ament_index/resource_index/parent_prefix_path/rov_description
[3.483s] -- Installing: /home/jonah/rov_sim_ws/install/rov_description/share/rov_description/environment/ament_prefix_path.sh
[3.484s] -- Installing: /home/jonah/rov_sim_ws/install/rov_description/share/rov_description/environment/ament_prefix_path.dsv
[3.484s] -- Installing: /home/jonah/rov_sim_ws/install/rov_description/share/rov_description/environment/path.sh
[3.484s] -- Installing: /home/jonah/rov_sim_ws/install/rov_description/share/rov_description/environment/path.dsv
[3.484s] -- Installing: /home/jonah/rov_sim_ws/install/rov_description/share/rov_description/local_setup.bash
[3.484s] -- Installing: /home/jonah/rov_sim_ws/install/rov_description/share/rov_description/local_setup.sh
[3.485s] -- Installing: /home/jonah/rov_sim_ws/install/rov_description/share/rov_description/local_setup.zsh
[3.485s] -- Installing: /home/jonah/rov_sim_ws/install/rov_description/share/rov_description/local_setup.dsv
[3.485s] -- Installing: /home/jonah/rov_sim_ws/install/rov_description/share/rov_description/package.dsv
[3.486s] -- Installing: /home/jonah/rov_sim_ws/install/rov_description/share/ament_index/resource_index/packages/rov_description
[3.486s] -- Installing: /home/jonah/rov_sim_ws/install/rov_description/share/rov_description/cmake/rov_descriptionConfig.cmake
[3.486s] -- Installing: /home/jonah/rov_sim_ws/install/rov_description/share/rov_description/cmake/rov_descriptionConfig-version.cmake
[3.486s] -- Installing: /home/jonah/rov_sim_ws/install/rov_description/share/rov_description/package.xml
[3.489s] Invoked command in '/home/jonah/rov_sim_ws/build/rov_description' returned '0': CMAKE_PREFIX_PATH=${CMAKE_PREFIX_PATH}:/opt/ros/jazzy /usr/bin/cmake --install /home/jonah/rov_sim_ws/build/rov_description
