[0.038s] Invoking command in '/home/jonah/rov_sim_ws/build/gazebo': CMAKE_PREFIX_PATH=${CMAKE_PREFIX_PATH}:/opt/ros/jazzy /usr/bin/cmake /home/jonah/rov_sim_ws/src/gazebo -DCMAKE_INSTALL_PREFIX=/home/jonah/rov_sim_ws/install/gazebo
[0.378s] -- The C compiler identification is GNU 13.3.0
[1.004s] -- The CXX compiler identification is GNU 13.3.0
[1.764s] -- Detecting C compiler ABI info
[2.093s] -- Detecting C compiler ABI info - done
[2.105s] -- Check for working C compiler: /usr/bin/cc - skipped
[2.105s] -- Detecting C compile features
[2.106s] -- Detecting C compile features - done
[2.223s] -- Detecting CXX compiler ABI info
[2.653s] -- Detecting CXX compiler ABI info - done
[2.663s] -- Check for working CXX compiler: /usr/bin/c++ - skipped
[2.664s] -- Detecting CXX compile features
[2.665s] -- Detecting CXX compile features - done
[2.687s] -- Found ament_cmake: 2.5.4 (/opt/ros/jazzy/share/ament_cmake/cmake)
[2.920s] -- Found Python3: /usr/bin/python3 (found version "3.12.3") found components: Interpreter 
[3.115s] -- Found ament_lint_auto: 0.17.3 (/opt/ros/jazzy/share/ament_lint_auto/cmake)
[3.274s] -- Added test 'lint_cmake' to check CMake code style
[3.283s] -- Added test 'xmllint' to check XML markup files
[3.286s] -- Configuring done (3.2s)
[3.293s] -- Generating done (0.0s)
[3.296s] -- Build files have been written to: /home/jonah/rov_sim_ws/build/gazebo
[3.304s] Invoked command in '/home/jonah/rov_sim_ws/build/gazebo' returned '0': CMAKE_PREFIX_PATH=${CMAKE_PREFIX_PATH}:/opt/ros/jazzy /usr/bin/cmake /home/jonah/rov_sim_ws/src/gazebo -DCMAKE_INSTALL_PREFIX=/home/jonah/rov_sim_ws/install/gazebo
[3.305s] Invoking command in '/home/jonah/rov_sim_ws/build/gazebo': CMAKE_PREFIX_PATH=${CMAKE_PREFIX_PATH}:/opt/ros/jazzy /usr/bin/cmake --build /home/jonah/rov_sim_ws/build/gazebo -- -j8 -l8
[3.382s] Invoked command in '/home/jonah/rov_sim_ws/build/gazebo' returned '0': CMAKE_PREFIX_PATH=${CMAKE_PREFIX_PATH}:/opt/ros/jazzy /usr/bin/cmake --build /home/jonah/rov_sim_ws/build/gazebo -- -j8 -l8
[3.384s] Invoking command in '/home/jonah/rov_sim_ws/build/gazebo': CMAKE_PREFIX_PATH=${CMAKE_PREFIX_PATH}:/opt/ros/jazzy /usr/bin/cmake --install /home/jonah/rov_sim_ws/build/gazebo
[3.396s] -- Install configuration: ""
[3.399s] -- Installing: /home/jonah/rov_sim_ws/install/gazebo/share/ament_index/resource_index/package_run_dependencies/gazebo
[3.400s] -- Installing: /home/jonah/rov_sim_ws/install/gazebo/share/ament_index/resource_index/parent_prefix_path/gazebo
[3.400s] -- Installing: /home/jonah/rov_sim_ws/install/gazebo/share/gazebo/environment/ament_prefix_path.sh
[3.401s] -- Installing: /home/jonah/rov_sim_ws/install/gazebo/share/gazebo/environment/ament_prefix_path.dsv
[3.401s] -- Installing: /home/jonah/rov_sim_ws/install/gazebo/share/gazebo/environment/path.sh
[3.401s] -- Installing: /home/jonah/rov_sim_ws/install/gazebo/share/gazebo/environment/path.dsv
[3.402s] -- Installing: /home/jonah/rov_sim_ws/install/gazebo/share/gazebo/local_setup.bash
[3.403s] -- Installing: /home/jonah/rov_sim_ws/install/gazebo/share/gazebo/local_setup.sh
[3.403s] -- Installing: /home/jonah/rov_sim_ws/install/gazebo/share/gazebo/local_setup.zsh
[3.403s] -- Installing: /home/jonah/rov_sim_ws/install/gazebo/share/gazebo/local_setup.dsv
[3.404s] -- Installing: /home/jonah/rov_sim_ws/install/gazebo/share/gazebo/package.dsv
[3.404s] -- Installing: /home/jonah/rov_sim_ws/install/gazebo/share/ament_index/resource_index/packages/gazebo
[3.406s] -- Installing: /home/jonah/rov_sim_ws/install/gazebo/share/gazebo/cmake/gazeboConfig.cmake
[3.406s] -- Installing: /home/jonah/rov_sim_ws/install/gazebo/share/gazebo/cmake/gazeboConfig-version.cmake
[3.407s] -- Installing: /home/jonah/rov_sim_ws/install/gazebo/share/gazebo/package.xml
[3.425s] Invoked command in '/home/jonah/rov_sim_ws/build/gazebo' returned '0': CMAKE_PREFIX_PATH=${CMAKE_PREFIX_PATH}:/opt/ros/jazzy /usr/bin/cmake --install /home/jonah/rov_sim_ws/build/gazebo
