running egg_info
creating ../../build/rov_control/rov_control.egg-info
writing ../../build/rov_control/rov_control.egg-info/PKG-INFO
writing dependency_links to ../../build/rov_control/rov_control.egg-info/dependency_links.txt
writing requirements to ../../build/rov_control/rov_control.egg-info/requires.txt
writing top-level names to ../../build/rov_control/rov_control.egg-info/top_level.txt
writing manifest file '../../build/rov_control/rov_control.egg-info/SOURCES.txt'
reading manifest file '../../build/rov_control/rov_control.egg-info/SOURCES.txt'
writing manifest file '../../build/rov_control/rov_control.egg-info/SOURCES.txt'
running build
running build_py
creating /home/jonah/rov_sim_ws/build/rov_control/build
creating /home/jonah/rov_sim_ws/build/rov_control/build/lib
creating /home/jonah/rov_sim_ws/build/rov_control/build/lib/rov_control
copying rov_control/__init__.py -> /home/jonah/rov_sim_ws/build/rov_control/build/lib/rov_control
running install
running install_lib
creating /home/jonah/rov_sim_ws/install/rov_control/lib/python3.12/site-packages/rov_control
copying /home/jonah/rov_sim_ws/build/rov_control/build/lib/rov_control/__init__.py -> /home/jonah/rov_sim_ws/install/rov_control/lib/python3.12/site-packages/rov_control
byte-compiling /home/jonah/rov_sim_ws/install/rov_control/lib/python3.12/site-packages/rov_control/__init__.py to __init__.cpython-312.pyc
running install_data
creating /home/jonah/rov_sim_ws/install/rov_control/share/ament_index
creating /home/jonah/rov_sim_ws/install/rov_control/share/ament_index/resource_index
creating /home/jonah/rov_sim_ws/install/rov_control/share/ament_index/resource_index/packages
copying resource/rov_control -> /home/jonah/rov_sim_ws/install/rov_control/share/ament_index/resource_index/packages
copying package.xml -> /home/jonah/rov_sim_ws/install/rov_control/share/rov_control
running install_egg_info
Copying ../../build/rov_control/rov_control.egg-info to /home/jonah/rov_sim_ws/install/rov_control/lib/python3.12/site-packages/rov_control-0.0.0-py3.12.egg-info
running install_scripts
writing list of installed files to '/home/jonah/rov_sim_ws/build/rov_control/install.log'
