[1.741s] Invoking command in '/home/jonah/rov_sim_ws/src/rov_control': PYTHONPATH=/home/jonah/rov_sim_ws/build/rov_control/prefix_override:/usr/lib/python3/dist-packages/colcon_core/task/python/colcon_distutils_commands:/home/jonah/rov_sim_ws/install/rov_control/lib/python3.12/site-packages:${PYTHONPATH} /usr/bin/python3 -W ignore:setup.py install is deprecated -W ignore:easy_install command is deprecated setup.py egg_info --egg-base ../../build/rov_control build --build-base /home/jonah/rov_sim_ws/build/rov_control/build install --record /home/jonah/rov_sim_ws/build/rov_control/install.log --single-version-externally-managed install_data
[2.227s] running egg_info
[2.228s] creating ../../build/rov_control/rov_control.egg-info
[2.264s] writing ../../build/rov_control/rov_control.egg-info/PKG-INFO
[2.265s] writing dependency_links to ../../build/rov_control/rov_control.egg-info/dependency_links.txt
[2.265s] writing requirements to ../../build/rov_control/rov_control.egg-info/requires.txt
[2.265s] writing top-level names to ../../build/rov_control/rov_control.egg-info/top_level.txt
[2.266s] writing manifest file '../../build/rov_control/rov_control.egg-info/SOURCES.txt'
[2.326s] reading manifest file '../../build/rov_control/rov_control.egg-info/SOURCES.txt'
[2.327s] writing manifest file '../../build/rov_control/rov_control.egg-info/SOURCES.txt'
[2.327s] running build
[2.328s] running build_py
[2.328s] creating /home/jonah/rov_sim_ws/build/rov_control/build
[2.328s] creating /home/jonah/rov_sim_ws/build/rov_control/build/lib
[2.328s] creating /home/jonah/rov_sim_ws/build/rov_control/build/lib/rov_control
[2.329s] copying rov_control/__init__.py -> /home/jonah/rov_sim_ws/build/rov_control/build/lib/rov_control
[2.329s] running install
[2.337s] running install_lib
[2.370s] creating /home/jonah/rov_sim_ws/install/rov_control/lib/python3.12/site-packages/rov_control
[2.371s] copying /home/jonah/rov_sim_ws/build/rov_control/build/lib/rov_control/__init__.py -> /home/jonah/rov_sim_ws/install/rov_control/lib/python3.12/site-packages/rov_control
[2.372s] byte-compiling /home/jonah/rov_sim_ws/install/rov_control/lib/python3.12/site-packages/rov_control/__init__.py to __init__.cpython-312.pyc
[2.373s] running install_data
[2.373s] creating /home/jonah/rov_sim_ws/install/rov_control/share/ament_index
[2.374s] creating /home/jonah/rov_sim_ws/install/rov_control/share/ament_index/resource_index
[2.374s] creating /home/jonah/rov_sim_ws/install/rov_control/share/ament_index/resource_index/packages
[2.375s] copying resource/rov_control -> /home/jonah/rov_sim_ws/install/rov_control/share/ament_index/resource_index/packages
[2.375s] copying package.xml -> /home/jonah/rov_sim_ws/install/rov_control/share/rov_control
[2.375s] running install_egg_info
[2.420s] Copying ../../build/rov_control/rov_control.egg-info to /home/jonah/rov_sim_ws/install/rov_control/lib/python3.12/site-packages/rov_control-0.0.0-py3.12.egg-info
[2.422s] running install_scripts
[2.675s] writing list of installed files to '/home/jonah/rov_sim_ws/build/rov_control/install.log'
[2.718s] Invoked command in '/home/jonah/rov_sim_ws/src/rov_control' returned '0': PYTHONPATH=/home/jonah/rov_sim_ws/build/rov_control/prefix_override:/usr/lib/python3/dist-packages/colcon_core/task/python/colcon_distutils_commands:/home/jonah/rov_sim_ws/install/rov_control/lib/python3.12/site-packages:${PYTHONPATH} /usr/bin/python3 -W ignore:setup.py install is deprecated -W ignore:easy_install command is deprecated setup.py egg_info --egg-base ../../build/rov_control build --build-base /home/jonah/rov_sim_ws/build/rov_control/build install --record /home/jonah/rov_sim_ws/build/rov_control/install.log --single-version-externally-managed install_data
