[0.044s] Invoking command in '/home/jonah/rov_sim_ws/build/gazebo': CMAKE_PREFIX_PATH=${CMAKE_PREFIX_PATH}:/home/jonah/rov_sim_ws/install/rov_control:/opt/ros/jazzy /usr/bin/cmake --build /home/jonah/rov_sim_ws/build/gazebo -- -j8 -l8
[0.343s] Invoked command in '/home/jonah/rov_sim_ws/build/gazebo' returned '0': CMAKE_PREFIX_PATH=${CMAKE_PREFIX_PATH}:/home/jonah/rov_sim_ws/install/rov_control:/opt/ros/jazzy /usr/bin/cmake --build /home/jonah/rov_sim_ws/build/gazebo -- -j8 -l8
[0.364s] Invoking command in '/home/jonah/rov_sim_ws/build/gazebo': CMAKE_PREFIX_PATH=${CMAKE_PREFIX_PATH}:/home/jonah/rov_sim_ws/install/rov_control:/opt/ros/jazzy /usr/bin/cmake --install /home/jonah/rov_sim_ws/build/gazebo
[0.381s] -- Install configuration: ""
[0.381s] -- Up-to-date: /home/jonah/rov_sim_ws/install/gazebo/share/ament_index/resource_index/package_run_dependencies/gazebo
[0.381s] -- Up-to-date: /home/jonah/rov_sim_ws/install/gazebo/share/ament_index/resource_index/parent_prefix_path/gazebo
[0.381s] -- Up-to-date: /home/jonah/rov_sim_ws/install/gazebo/share/gazebo/environment/ament_prefix_path.sh
[0.382s] -- Up-to-date: /home/jonah/rov_sim_ws/install/gazebo/share/gazebo/environment/ament_prefix_path.dsv
[0.382s] -- Up-to-date: /home/jonah/rov_sim_ws/install/gazebo/share/gazebo/environment/path.sh
[0.382s] -- Up-to-date: /home/jonah/rov_sim_ws/install/gazebo/share/gazebo/environment/path.dsv
[0.382s] -- Up-to-date: /home/jonah/rov_sim_ws/install/gazebo/share/gazebo/local_setup.bash
[0.383s] -- Up-to-date: /home/jonah/rov_sim_ws/install/gazebo/share/gazebo/local_setup.sh
[0.383s] -- Up-to-date: /home/jonah/rov_sim_ws/install/gazebo/share/gazebo/local_setup.zsh
[0.384s] -- Up-to-date: /home/jonah/rov_sim_ws/install/gazebo/share/gazebo/local_setup.dsv
[0.385s] -- Up-to-date: /home/jonah/rov_sim_ws/install/gazebo/share/gazebo/package.dsv
[0.385s] -- Up-to-date: /home/jonah/rov_sim_ws/install/gazebo/share/ament_index/resource_index/packages/gazebo
[0.385s] -- Up-to-date: /home/jonah/rov_sim_ws/install/gazebo/share/gazebo/cmake/gazeboConfig.cmake
[0.385s] -- Up-to-date: /home/jonah/rov_sim_ws/install/gazebo/share/gazebo/cmake/gazeboConfig-version.cmake
[0.385s] -- Up-to-date: /home/jonah/rov_sim_ws/install/gazebo/share/gazebo/package.xml
[0.388s] Invoked command in '/home/jonah/rov_sim_ws/build/gazebo' returned '0': CMAKE_PREFIX_PATH=${CMAKE_PREFIX_PATH}:/home/jonah/rov_sim_ws/install/rov_control:/opt/ros/jazzy /usr/bin/cmake --install /home/jonah/rov_sim_ws/build/gazebo
