[0.036s] Invoking command in '/home/jonah/rov_sim_ws/build/launch': CMAKE_PREFIX_PATH=${CMAKE_PREFIX_PATH}:/opt/ros/jazzy /usr/bin/cmake /home/jonah/rov_sim_ws/src/launch -DCMAKE_INSTALL_PREFIX=/home/jonah/rov_sim_ws/install/launch
[0.362s] -- The C compiler identification is GNU 13.3.0
[0.898s] -- The CXX compiler identification is GNU 13.3.0
[1.725s] -- Detecting C compiler ABI info
[2.066s] -- Detecting C compiler ABI info - done
[2.077s] -- Check for working C compiler: /usr/bin/cc - skipped
[2.077s] -- Detecting C compile features
[2.078s] -- Detecting C compile features - done
[2.180s] -- Detecting CXX compiler ABI info
[2.607s] -- Detecting CXX compiler ABI info - done
[2.618s] -- Check for working CXX compiler: /usr/bin/c++ - skipped
[2.619s] -- Detecting CXX compile features
[2.619s] -- Detecting CXX compile features - done
[2.673s] -- Found ament_cmake: 2.5.4 (/opt/ros/jazzy/share/ament_cmake/cmake)
[2.925s] -- Found Python3: /usr/bin/python3 (found version "3.12.3") found components: Interpreter 
[3.101s] -- Found ament_lint_auto: 0.17.3 (/opt/ros/jazzy/share/ament_lint_auto/cmake)
[3.263s] -- Added test 'lint_cmake' to check CMake code style
[3.266s] -- Added test 'xmllint' to check XML markup files
[3.270s] -- Configuring done (3.2s)
[3.277s] -- Generating done (0.0s)
[3.280s] -- Build files have been written to: /home/jonah/rov_sim_ws/build/launch
[3.286s] Invoked command in '/home/jonah/rov_sim_ws/build/launch' returned '0': CMAKE_PREFIX_PATH=${CMAKE_PREFIX_PATH}:/opt/ros/jazzy /usr/bin/cmake /home/jonah/rov_sim_ws/src/launch -DCMAKE_INSTALL_PREFIX=/home/jonah/rov_sim_ws/install/launch
[3.289s] Invoking command in '/home/jonah/rov_sim_ws/build/launch': CMAKE_PREFIX_PATH=${CMAKE_PREFIX_PATH}:/opt/ros/jazzy /usr/bin/cmake --build /home/jonah/rov_sim_ws/build/launch -- -j8 -l8
[3.351s] Invoked command in '/home/jonah/rov_sim_ws/build/launch' returned '0': CMAKE_PREFIX_PATH=${CMAKE_PREFIX_PATH}:/opt/ros/jazzy /usr/bin/cmake --build /home/jonah/rov_sim_ws/build/launch -- -j8 -l8
[3.367s] Invoking command in '/home/jonah/rov_sim_ws/build/launch': CMAKE_PREFIX_PATH=${CMAKE_PREFIX_PATH}:/opt/ros/jazzy /usr/bin/cmake --install /home/jonah/rov_sim_ws/build/launch
[3.379s] -- Install configuration: ""
[3.381s] -- Installing: /home/jonah/rov_sim_ws/install/launch/share/ament_index/resource_index/package_run_dependencies/launch
[3.382s] -- Installing: /home/jonah/rov_sim_ws/install/launch/share/ament_index/resource_index/parent_prefix_path/launch
[3.384s] -- Installing: /home/jonah/rov_sim_ws/install/launch/share/launch/environment/ament_prefix_path.sh
[3.384s] -- Installing: /home/jonah/rov_sim_ws/install/launch/share/launch/environment/ament_prefix_path.dsv
[3.385s] -- Installing: /home/jonah/rov_sim_ws/install/launch/share/launch/environment/path.sh
[3.385s] -- Installing: /home/jonah/rov_sim_ws/install/launch/share/launch/environment/path.dsv
[3.385s] -- Installing: /home/jonah/rov_sim_ws/install/launch/share/launch/local_setup.bash
[3.386s] -- Installing: /home/jonah/rov_sim_ws/install/launch/share/launch/local_setup.sh
[3.386s] -- Installing: /home/jonah/rov_sim_ws/install/launch/share/launch/local_setup.zsh
[3.387s] -- Installing: /home/jonah/rov_sim_ws/install/launch/share/launch/local_setup.dsv
[3.387s] -- Installing: /home/jonah/rov_sim_ws/install/launch/share/launch/package.dsv
[3.388s] -- Installing: /home/jonah/rov_sim_ws/install/launch/share/ament_index/resource_index/packages/launch
[3.389s] -- Installing: /home/jonah/rov_sim_ws/install/launch/share/launch/cmake/launchConfig.cmake
[3.389s] -- Installing: /home/jonah/rov_sim_ws/install/launch/share/launch/cmake/launchConfig-version.cmake
[3.390s] -- Installing: /home/jonah/rov_sim_ws/install/launch/share/launch/package.xml
[3.395s] Invoked command in '/home/jonah/rov_sim_ws/build/launch' returned '0': CMAKE_PREFIX_PATH=${CMAKE_PREFIX_PATH}:/opt/ros/jazzy /usr/bin/cmake --install /home/jonah/rov_sim_ws/build/launch
