[0.342s] Invoking command in '/home/jonah/rov_sim_ws/build/rov_description': CMAKE_PREFIX_PATH=${CMAKE_PREFIX_PATH}:/home/jonah/rov_sim_ws/install/rov_control:/opt/ros/jazzy /usr/bin/cmake /home/jonah/rov_sim_ws/src/rov_description -DAMENT_CMAKE_SYMLINK_INSTALL=1 -DCMAKE_INSTALL_PREFIX=/home/jonah/rov_sim_ws/install/rov_description
[0.365s] -- Found ament_cmake: 2.5.4 (/opt/ros/jazzy/share/ament_cmake/cmake)
[0.693s] -- Override CMake install command with custom implementation using symlinks instead of copying resources
[0.707s] -- Found ament_lint_auto: 0.17.3 (/opt/ros/jazzy/share/ament_lint_auto/cmake)
[0.860s] -- Added test 'lint_cmake' to check CMake code style
[0.864s] -- Added test 'xmllint' to check XML markup files
[0.867s] -- Configuring done (0.5s)
[0.878s] -- Generating done (0.0s)
[0.884s] -- Build files have been written to: /home/jonah/rov_sim_ws/build/rov_description
[0.888s] Invoked command in '/home/jonah/rov_sim_ws/build/rov_description' returned '0': CMAKE_PREFIX_PATH=${CMAKE_PREFIX_PATH}:/home/jonah/rov_sim_ws/install/rov_control:/opt/ros/jazzy /usr/bin/cmake /home/jonah/rov_sim_ws/src/rov_description -DAMENT_CMAKE_SYMLINK_INSTALL=1 -DCMAKE_INSTALL_PREFIX=/home/jonah/rov_sim_ws/install/rov_description
[0.890s] Invoking command in '/home/jonah/rov_sim_ws/build/rov_description': CMAKE_PREFIX_PATH=${CMAKE_PREFIX_PATH}:/home/jonah/rov_sim_ws/install/rov_control:/opt/ros/jazzy /usr/bin/cmake --build /home/jonah/rov_sim_ws/build/rov_description -- -j8 -l8
[0.934s] -- Found ament_cmake: 2.5.4 (/opt/ros/jazzy/share/ament_cmake/cmake)
[1.208s] -- Override CMake install command with custom implementation using symlinks instead of copying resources
[1.217s] -- Found ament_lint_auto: 0.17.3 (/opt/ros/jazzy/share/ament_lint_auto/cmake)
[1.329s] -- Added test 'lint_cmake' to check CMake code style
[1.331s] -- Added test 'xmllint' to check XML markup files
[1.333s] -- Configuring done (0.4s)
[1.337s] -- Generating done (0.0s)
[1.339s] -- Build files have been written to: /home/jonah/rov_sim_ws/build/rov_description
[1.371s] Invoked command in '/home/jonah/rov_sim_ws/build/rov_description' returned '0': CMAKE_PREFIX_PATH=${CMAKE_PREFIX_PATH}:/home/jonah/rov_sim_ws/install/rov_control:/opt/ros/jazzy /usr/bin/cmake --build /home/jonah/rov_sim_ws/build/rov_description -- -j8 -l8
[1.372s] Invoking command in '/home/jonah/rov_sim_ws/build/rov_description': CMAKE_PREFIX_PATH=${CMAKE_PREFIX_PATH}:/home/jonah/rov_sim_ws/install/rov_control:/opt/ros/jazzy /usr/bin/cmake --install /home/jonah/rov_sim_ws/build/rov_description
[1.390s] -- Install configuration: ""
[1.391s] -- Execute custom install script
[1.391s] -- Symlinking: /home/jonah/rov_sim_ws/install/rov_description/share/ament_index/resource_index/package_run_dependencies/rov_description
[1.412s] -- Symlinking: /home/jonah/rov_sim_ws/install/rov_description/share/ament_index/resource_index/parent_prefix_path/rov_description
[1.427s] -- Symlinking: /home/jonah/rov_sim_ws/install/rov_description/share/rov_description/environment/ament_prefix_path.sh
[1.446s] -- Symlinking: /home/jonah/rov_sim_ws/install/rov_description/share/rov_description/environment/ament_prefix_path.dsv
[1.459s] -- Symlinking: /home/jonah/rov_sim_ws/install/rov_description/share/rov_description/environment/path.sh
[1.472s] -- Symlinking: /home/jonah/rov_sim_ws/install/rov_description/share/rov_description/environment/path.dsv
[1.487s] -- Symlinking: /home/jonah/rov_sim_ws/install/rov_description/share/rov_description/local_setup.bash
[1.503s] -- Symlinking: /home/jonah/rov_sim_ws/install/rov_description/share/rov_description/local_setup.sh
[1.517s] -- Symlinking: /home/jonah/rov_sim_ws/install/rov_description/share/rov_description/local_setup.zsh
[1.535s] -- Symlinking: /home/jonah/rov_sim_ws/install/rov_description/share/rov_description/local_setup.dsv
[1.549s] -- Symlinking: /home/jonah/rov_sim_ws/install/rov_description/share/rov_description/package.dsv
[1.563s] -- Symlinking: /home/jonah/rov_sim_ws/install/rov_description/share/ament_index/resource_index/packages/rov_description
[1.578s] -- Symlinking: /home/jonah/rov_sim_ws/install/rov_description/share/rov_description/cmake/rov_descriptionConfig.cmake
[1.592s] -- Symlinking: /home/jonah/rov_sim_ws/install/rov_description/share/rov_description/cmake/rov_descriptionConfig-version.cmake
[1.605s] -- Symlinking: /home/jonah/rov_sim_ws/install/rov_description/share/rov_description/package.xml
[1.621s] Invoked command in '/home/jonah/rov_sim_ws/build/rov_description' returned '0': CMAKE_PREFIX_PATH=${CMAKE_PREFIX_PATH}:/home/jonah/rov_sim_ws/install/rov_control:/opt/ros/jazzy /usr/bin/cmake --install /home/jonah/rov_sim_ws/build/rov_description
