[0.034s] Invoking command in '/home/jonah/rov_sim_ws/build/launch': CMAKE_PREFIX_PATH=${CMAKE_PREFIX_PATH}:/home/jonah/rov_sim_ws/install/rov_control:/opt/ros/jazzy /usr/bin/cmake --build /home/jonah/rov_sim_ws/build/launch -- -j8 -l8
[0.317s] -- Found ament_cmake: 2.5.4 (/opt/ros/jazzy/share/ament_cmake/cmake)
[0.487s] -- Found ament_lint_auto: 0.17.3 (/opt/ros/jazzy/share/ament_lint_auto/cmake)
[0.607s] -- Added test 'flake8' to check Python code syntax and style conventions
[0.607s] -- Configured 'flake8' exclude dirs and/or files: 
[0.614s] -- Added test 'lint_cmake' to check CMake code style
[0.615s] -- Added test 'pep257' to check Python code against some of the docstring style conventions in PEP 257
[0.618s] -- Added test 'xmllint' to check XML markup files
[0.621s] -- Configuring done (0.5s)
[0.632s] -- Generating done (0.0s)
[0.635s] -- Build files have been written to: /home/jonah/rov_sim_ws/build/launch
[0.669s] Invoked command in '/home/jonah/rov_sim_ws/build/launch' returned '0': CMAKE_PREFIX_PATH=${CMAKE_PREFIX_PATH}:/home/jonah/rov_sim_ws/install/rov_control:/opt/ros/jazzy /usr/bin/cmake --build /home/jonah/rov_sim_ws/build/launch -- -j8 -l8
[0.670s] Invoking command in '/home/jonah/rov_sim_ws/build/launch': CMAKE_PREFIX_PATH=${CMAKE_PREFIX_PATH}:/home/jonah/rov_sim_ws/install/rov_control:/opt/ros/jazzy /usr/bin/cmake --install /home/jonah/rov_sim_ws/build/launch
[0.683s] -- Install configuration: ""
[0.683s] -- Installing: /home/jonah/rov_sim_ws/install/launch/share/ament_index/resource_index/package_run_dependencies/launch
[0.683s] -- Installing: /home/jonah/rov_sim_ws/install/launch/share/ament_index/resource_index/parent_prefix_path/launch
[0.684s] -- Up-to-date: /home/jonah/rov_sim_ws/install/launch/share/launch/environment/ament_prefix_path.sh
[0.685s] -- Up-to-date: /home/jonah/rov_sim_ws/install/launch/share/launch/environment/ament_prefix_path.dsv
[0.685s] -- Up-to-date: /home/jonah/rov_sim_ws/install/launch/share/launch/environment/path.sh
[0.685s] -- Up-to-date: /home/jonah/rov_sim_ws/install/launch/share/launch/environment/path.dsv
[0.685s] -- Up-to-date: /home/jonah/rov_sim_ws/install/launch/share/launch/local_setup.bash
[0.685s] -- Up-to-date: /home/jonah/rov_sim_ws/install/launch/share/launch/local_setup.sh
[0.685s] -- Up-to-date: /home/jonah/rov_sim_ws/install/launch/share/launch/local_setup.zsh
[0.686s] -- Up-to-date: /home/jonah/rov_sim_ws/install/launch/share/launch/local_setup.dsv
[0.686s] -- Up-to-date: /home/jonah/rov_sim_ws/install/launch/share/launch/package.dsv
[0.686s] -- Up-to-date: /home/jonah/rov_sim_ws/install/launch/share/ament_index/resource_index/packages/launch
[0.686s] -- Up-to-date: /home/jonah/rov_sim_ws/install/launch/share/launch/cmake/launchConfig.cmake
[0.686s] -- Up-to-date: /home/jonah/rov_sim_ws/install/launch/share/launch/cmake/launchConfig-version.cmake
[0.686s] -- Installing: /home/jonah/rov_sim_ws/install/launch/share/launch/package.xml
[0.689s] Invoked command in '/home/jonah/rov_sim_ws/build/launch' returned '0': CMAKE_PREFIX_PATH=${CMAKE_PREFIX_PATH}:/home/jonah/rov_sim_ws/install/rov_control:/opt/ros/jazzy /usr/bin/cmake --install /home/jonah/rov_sim_ws/build/launch
