[0.026s] Invoking command in '/home/jonah/rov_sim_ws/build/launch': CMAKE_PREFIX_PATH=${CMAKE_PREFIX_PATH}:/home/jonah/rov_sim_ws/install/rov_control:/opt/ros/jazzy /usr/bin/cmake /home/jonah/rov_sim_ws/src/launch -DAMENT_CMAKE_SYMLINK_INSTALL=1 -DCMAKE_INSTALL_PREFIX=/home/jonah/rov_sim_ws/install/launch
[0.348s] -- Found ament_cmake: 2.5.4 (/opt/ros/jazzy/share/ament_cmake/cmake)
[0.423s] -- Override CMake install command with custom implementation using symlinks instead of copying resources
[0.451s] -- Found ament_lint_auto: 0.17.3 (/opt/ros/jazzy/share/ament_lint_auto/cmake)
[0.622s] -- Added test 'flake8' to check Python code syntax and style conventions
[0.622s] -- Configured 'flake8' exclude dirs and/or files: 
[0.623s] -- Added test 'lint_cmake' to check CMake code style
[0.624s] -- Added test 'pep257' to check Python code against some of the docstring style conventions in PEP 257
[0.626s] -- Added test 'xmllint' to check XML markup files
[0.630s] -- Configuring done (0.5s)
[0.643s] -- Generating done (0.0s)
[0.647s] -- Build files have been written to: /home/jonah/rov_sim_ws/build/launch
[0.656s] Invoked command in '/home/jonah/rov_sim_ws/build/launch' returned '0': CMAKE_PREFIX_PATH=${CMAKE_PREFIX_PATH}:/home/jonah/rov_sim_ws/install/rov_control:/opt/ros/jazzy /usr/bin/cmake /home/jonah/rov_sim_ws/src/launch -DAMENT_CMAKE_SYMLINK_INSTALL=1 -DCMAKE_INSTALL_PREFIX=/home/jonah/rov_sim_ws/install/launch
[0.658s] Invoking command in '/home/jonah/rov_sim_ws/build/launch': CMAKE_PREFIX_PATH=${CMAKE_PREFIX_PATH}:/home/jonah/rov_sim_ws/install/rov_control:/opt/ros/jazzy /usr/bin/cmake --build /home/jonah/rov_sim_ws/build/launch -- -j8 -l8
[0.734s] Invoked command in '/home/jonah/rov_sim_ws/build/launch' returned '0': CMAKE_PREFIX_PATH=${CMAKE_PREFIX_PATH}:/home/jonah/rov_sim_ws/install/rov_control:/opt/ros/jazzy /usr/bin/cmake --build /home/jonah/rov_sim_ws/build/launch -- -j8 -l8
[0.749s] Invoking command in '/home/jonah/rov_sim_ws/build/launch': CMAKE_PREFIX_PATH=${CMAKE_PREFIX_PATH}:/home/jonah/rov_sim_ws/install/rov_control:/opt/ros/jazzy /usr/bin/cmake --install /home/jonah/rov_sim_ws/build/launch
[0.761s] -- Install configuration: ""
[0.761s] -- Execute custom install script
[0.762s] -- Symlinking: /home/jonah/rov_sim_ws/install/launch/share/ament_index/resource_index/package_run_dependencies/launch
[0.776s] -- Symlinking: /home/jonah/rov_sim_ws/install/launch/share/ament_index/resource_index/parent_prefix_path/launch
[0.794s] -- Symlinking: /home/jonah/rov_sim_ws/install/launch/share/launch/environment/ament_prefix_path.sh
[0.811s] -- Symlinking: /home/jonah/rov_sim_ws/install/launch/share/launch/environment/ament_prefix_path.dsv
[0.827s] -- Symlinking: /home/jonah/rov_sim_ws/install/launch/share/launch/environment/path.sh
[0.843s] -- Symlinking: /home/jonah/rov_sim_ws/install/launch/share/launch/environment/path.dsv
[0.859s] -- Symlinking: /home/jonah/rov_sim_ws/install/launch/share/launch/local_setup.bash
[0.875s] -- Symlinking: /home/jonah/rov_sim_ws/install/launch/share/launch/local_setup.sh
[0.892s] -- Symlinking: /home/jonah/rov_sim_ws/install/launch/share/launch/local_setup.zsh
[0.909s] -- Symlinking: /home/jonah/rov_sim_ws/install/launch/share/launch/local_setup.dsv
[0.923s] -- Symlinking: /home/jonah/rov_sim_ws/install/launch/share/launch/package.dsv
[0.939s] -- Symlinking: /home/jonah/rov_sim_ws/install/launch/share/ament_index/resource_index/packages/launch
[0.953s] -- Symlinking: /home/jonah/rov_sim_ws/install/launch/share/launch/cmake/launchConfig.cmake
[0.969s] -- Symlinking: /home/jonah/rov_sim_ws/install/launch/share/launch/cmake/launchConfig-version.cmake
[0.987s] -- Symlinking: /home/jonah/rov_sim_ws/install/launch/share/launch/package.xml
[1.007s] Invoked command in '/home/jonah/rov_sim_ws/build/launch' returned '0': CMAKE_PREFIX_PATH=${CMAKE_PREFIX_PATH}:/home/jonah/rov_sim_ws/install/rov_control:/opt/ros/jazzy /usr/bin/cmake --install /home/jonah/rov_sim_ws/build/launch
