-- Found ament_cmake: 2.5.4 (/opt/ros/jazzy/share/ament_cmake/cmake)
-- Override CMake install command with custom implementation using symlinks instead of copying resources
-- Found ament_lint_auto: 0.17.3 (/opt/ros/jazzy/share/ament_lint_auto/cmake)
-- Added test 'lint_cmake' to check CMake code style
-- Added test 'xmllint' to check XML markup files
-- Configuring done (0.5s)
-- Generating done (0.0s)
-- Build files have been written to: /home/jonah/rov_sim_ws/build/gazebo
-- Install configuration: ""
-- Execute custom install script
-- Symlinking: /home/jonah/rov_sim_ws/install/gazebo/share/ament_index/resource_index/package_run_dependencies/gazebo
-- Symlinking: /home/jonah/rov_sim_ws/install/gazebo/share/ament_index/resource_index/parent_prefix_path/gazebo
-- Symlinking: /home/jonah/rov_sim_ws/install/gazebo/share/gazebo/environment/ament_prefix_path.sh
-- Symlinking: /home/jonah/rov_sim_ws/install/gazebo/share/gazebo/environment/ament_prefix_path.dsv
-- Symlinking: /home/jonah/rov_sim_ws/install/gazebo/share/gazebo/environment/path.sh
-- Symlinking: /home/jonah/rov_sim_ws/install/gazebo/share/gazebo/environment/path.dsv
-- Symlinking: /home/jonah/rov_sim_ws/install/gazebo/share/gazebo/local_setup.bash
-- Symlinking: /home/jonah/rov_sim_ws/install/gazebo/share/gazebo/local_setup.sh
-- Symlinking: /home/jonah/rov_sim_ws/install/gazebo/share/gazebo/local_setup.zsh
-- Symlinking: /home/jonah/rov_sim_ws/install/gazebo/share/gazebo/local_setup.dsv
-- Symlinking: /home/jonah/rov_sim_ws/install/gazebo/share/gazebo/package.dsv
-- Symlinking: /home/jonah/rov_sim_ws/install/gazebo/share/ament_index/resource_index/packages/gazebo
-- Symlinking: /home/jonah/rov_sim_ws/install/gazebo/share/gazebo/cmake/gazeboConfig.cmake
-- Symlinking: /home/jonah/rov_sim_ws/install/gazebo/share/gazebo/cmake/gazeboConfig-version.cmake
-- Symlinking: /home/jonah/rov_sim_ws/install/gazebo/share/gazebo/package.xml
